[INFO] Scanning for projects...
[INFO] ------------------------------------------------------------------------
[INFO] Building GMavenPlus Plugin Basic Compile Test
[INFO]    task-segment: [clean, test]
[INFO] ------------------------------------------------------------------------
Downloading: file:///C:/Users/Keegan/.m2/repository/org/apache/maven/plugins/maven-clean-plugin/2.2/maven-clean-plugin-2.2.pom
3K downloaded  (maven-clean-plugin-2.2.pom)
Downloading: file:///C:/Users/Keegan/.m2/repository/org/apache/maven/plugins/maven-plugins/10/maven-plugins-10.pom
7K downloaded  (maven-plugins-10.pom)
Downloading: file:///C:/Users/Keegan/.m2/repository/org/apache/maven/maven-parent/7/maven-parent-7.pom
20K downloaded  (maven-parent-7.pom)
Downloading: file:///C:/Users/Keegan/.m2/repository/org/apache/maven/plugins/maven-clean-plugin/2.2/maven-clean-plugin-2.2.jar
11K downloaded  (maven-clean-plugin-2.2.jar)
[INFO] snapshot GMavenPlus:GMavenPlus-Plugin:1.0-SNAPSHOT: checking for updates from local.central
Downloading: file:///C:/Users/Keegan/.m2/repository/org/apache/maven/plugins/maven-compiler-plugin/2.3.2/maven-compiler-plugin-2.3.2.pom
7K downloaded  (maven-compiler-plugin-2.3.2.pom)
Downloading: file:///C:/Users/Keegan/.m2/repository/org/apache/maven/plugins/maven-plugins/18/maven-plugins-18.pom
12K downloaded  (maven-plugins-18.pom)
Downloading: file:///C:/Users/Keegan/.m2/repository/org/apache/maven/maven-parent/16/maven-parent-16.pom
22K downloaded  (maven-parent-16.pom)
Downloading: file:///C:/Users/Keegan/.m2/repository/org/apache/apache/7/apache-7.pom
14K downloaded  (apache-7.pom)
Downloading: file:///C:/Users/Keegan/.m2/repository/org/apache/maven/plugins/maven-compiler-plugin/2.3.2/maven-compiler-plugin-2.3.2.jar
28K downloaded  (maven-compiler-plugin-2.3.2.jar)
Downloading: file:///C:/Users/Keegan/.m2/repository/org/apache/maven/plugins/maven-surefire-plugin/2.9/maven-surefire-plugin-2.9.pom
9K downloaded  (maven-surefire-plugin-2.9.pom)
Downloading: file:///C:/Users/Keegan/.m2/repository/org/apache/maven/surefire/surefire/2.9/surefire-2.9.pom
11K downloaded  (surefire-2.9.pom)
Downloading: file:///C:/Users/Keegan/.m2/repository/org/apache/maven/maven-parent/19/maven-parent-19.pom
24K downloaded  (maven-parent-19.pom)
Downloading: file:///C:/Users/Keegan/.m2/repository/org/apache/apache/9/apache-9.pom
14K downloaded  (apache-9.pom)
Downloading: file:///C:/Users/Keegan/.m2/repository/org/apache/maven/plugins/maven-surefire-plugin/2.9/maven-surefire-plugin-2.9.jar
28K downloaded  (maven-surefire-plugin-2.9.jar)
Downloading: file:///C:/Users/Keegan/.m2/repository/org/apache/maven/maven-project/2.0/maven-project-2.0.pom
1K downloaded  (maven-project-2.0.pom)
Downloading: file:///C:/Users/Keegan/.m2/repository/org/apache/maven/maven/2.0/maven-2.0.pom
8K downloaded  (maven-2.0.pom)
Downloading: file:///C:/Users/Keegan/.m2/repository/org/apache/maven/maven-profile/2.0/maven-profile-2.0.pom
1K downloaded  (maven-profile-2.0.pom)
Downloading: file:///C:/Users/Keegan/.m2/repository/org/apache/maven/maven-model/2.0/maven-model-2.0.pom
2K downloaded  (maven-model-2.0.pom)
Downloading: file:///C:/Users/Keegan/.m2/repository/org/codehaus/plexus/plexus-utils/1.0.4/plexus-utils-1.0.4.pom
6K downloaded  (plexus-utils-1.0.4.pom)
Downloading: file:///C:/Users/Keegan/.m2/repository/org/codehaus/plexus/plexus-container-default/1.0-alpha-8/plexus-container-default-1.0-alpha-8.pom
7K downloaded  (plexus-container-default-1.0-alpha-8.pom)
Downloading: file:///C:/Users/Keegan/.m2/repository/junit/junit/3.8.1/junit-3.8.1.pom
998b downloaded  (junit-3.8.1.pom)
Downloading: file:///C:/Users/Keegan/.m2/repository/classworlds/classworlds/1.1-alpha-2/classworlds-1.1-alpha-2.pom
3K downloaded  (classworlds-1.1-alpha-2.pom)
Downloading: file:///C:/Users/Keegan/.m2/repository/org/apache/maven/maven-artifact-manager/2.0/maven-artifact-manager-2.0.pom
1K downloaded  (maven-artifact-manager-2.0.pom)
Downloading: file:///C:/Users/Keegan/.m2/repository/org/apache/maven/maven-repository-metadata/2.0/maven-repository-metadata-2.0.pom
1K downloaded  (maven-repository-metadata-2.0.pom)
Downloading: file:///C:/Users/Keegan/.m2/repository/org/apache/maven/maven-artifact/2.0/maven-artifact-2.0.pom
723b downloaded  (maven-artifact-2.0.pom)
Downloading: file:///C:/Users/Keegan/.m2/repository/org/apache/maven/wagon/wagon-provider-api/1.0-alpha-5/wagon-provider-api-1.0-alpha-5.pom
4K downloaded  (wagon-provider-api-1.0-alpha-5.pom)
Downloading: file:///C:/Users/Keegan/.m2/repository/org/apache/maven/maven-plugin-api/2.0/maven-plugin-api-2.0.pom
601b downloaded  (maven-plugin-api-2.0.pom)
Downloading: file:///C:/Users/Keegan/.m2/repository/org/apache/maven/shared/file-management/1.2/file-management-1.2.pom
3K downloaded  (file-management-1.2.pom)
Downloading: file:///C:/Users/Keegan/.m2/repository/org/apache/maven/shared/maven-shared-components/8/maven-shared-components-8.pom
2K downloaded  (maven-shared-components-8.pom)
Downloading: file:///C:/Users/Keegan/.m2/repository/org/apache/maven/maven-plugin-api/2.0.6/maven-plugin-api-2.0.6.pom
1K downloaded  (maven-plugin-api-2.0.6.pom)
Downloading: file:///C:/Users/Keegan/.m2/repository/org/apache/maven/maven/2.0.6/maven-2.0.6.pom
8K downloaded  (maven-2.0.6.pom)
Downloading: file:///C:/Users/Keegan/.m2/repository/org/apache/maven/maven-parent/5/maven-parent-5.pom
14K downloaded  (maven-parent-5.pom)
Downloading: file:///C:/Users/Keegan/.m2/repository/org/apache/apache/3/apache-3.pom
3K downloaded  (apache-3.pom)
Downloading: file:///C:/Users/Keegan/.m2/repository/org/apache/maven/shared/maven-shared-io/1.1/maven-shared-io-1.1.pom
3K downloaded  (maven-shared-io-1.1.pom)
Downloading: file:///C:/Users/Keegan/.m2/repository/org/apache/maven/maven-artifact/2.0.2/maven-artifact-2.0.2.pom
765b downloaded  (maven-artifact-2.0.2.pom)
Downloading: file:///C:/Users/Keegan/.m2/repository/org/apache/maven/maven/2.0.2/maven-2.0.2.pom
12K downloaded  (maven-2.0.2.pom)
Downloading: file:///C:/Users/Keegan/.m2/repository/org/apache/maven/maven-artifact-manager/2.0.2/maven-artifact-manager-2.0.2.pom
1K downloaded  (maven-artifact-manager-2.0.2.pom)
Downloading: file:///C:/Users/Keegan/.m2/repository/org/apache/maven/wagon/wagon-provider-api/1.0-alpha-6/wagon-provider-api-1.0-alpha-6.pom
588b downloaded  (wagon-provider-api-1.0-alpha-6.pom)
Downloading: file:///C:/Users/Keegan/.m2/repository/org/apache/maven/wagon/wagon/1.0-alpha-6/wagon-1.0-alpha-6.pom
6K downloaded  (wagon-1.0-alpha-6.pom)
Downloading: file:///C:/Users/Keegan/.m2/repository/org/codehaus/plexus/plexus-utils/1.4.6/plexus-utils-1.4.6.pom
2K downloaded  (plexus-utils-1.4.6.pom)
Downloading: file:///C:/Users/Keegan/.m2/repository/org/codehaus/plexus/plexus/1.0.11/plexus-1.0.11.pom
8K downloaded  (plexus-1.0.11.pom)
Downloading: file:///C:/Users/Keegan/.m2/repository/org/codehaus/plexus/plexus-container-default/1.0-alpha-9/plexus-container-default-1.0-alpha-9.pom
1K downloaded  (plexus-container-default-1.0-alpha-9.pom)
Downloading: file:///C:/Users/Keegan/.m2/repository/org/codehaus/plexus/plexus-utils/1.1/plexus-utils-1.1.pom
767b downloaded  (plexus-utils-1.1.pom)
Downloading: file:///C:/Users/Keegan/.m2/repository/org/apache/maven/shared/file-management/1.2/file-management-1.2.jar
Downloading: file:///C:/Users/Keegan/.m2/repository/org/codehaus/plexus/plexus-utils/1.1/plexus-utils-1.1.jar
36K downloaded  (file-management-1.2.jar)
164K downloaded  (plexus-utils-1.1.jar)
Downloading: file:///C:/Users/Keegan/.m2/repository/org/apache/maven/shared/maven-shared-io/1.1/maven-shared-io-1.1.jar
38K downloaded  (maven-shared-io-1.1.jar)
[INFO] [clean:clean {execution: default-clean}]
Downloading: file:///C:/Users/Keegan/.m2/repository/org/apache/maven/plugins/maven-resources-plugin/2.3/maven-resources-plugin-2.3.pom
4K downloaded  (maven-resources-plugin-2.3.pom)
Downloading: file:///C:/Users/Keegan/.m2/repository/org/apache/maven/plugins/maven-plugins/12/maven-plugins-12.pom
11K downloaded  (maven-plugins-12.pom)
Downloading: file:///C:/Users/Keegan/.m2/repository/org/apache/maven/maven-parent/9/maven-parent-9.pom
32K downloaded  (maven-parent-9.pom)
Downloading: file:///C:/Users/Keegan/.m2/repository/org/apache/maven/plugins/maven-resources-plugin/2.3/maven-resources-plugin-2.3.jar
20K downloaded  (maven-resources-plugin-2.3.jar)
[INFO] Reloading plugin container for: org.apache.maven.plugins:maven-compiler-plugin:2.3.2. The plugin artifact has changed.
[INFO] Reloading plugin container for: org.apache.maven.plugins:maven-resources-plugin:2.3. The plugin artifact has changed.
[INFO] Reloading plugin container for: org.apache.maven.plugins:maven-surefire-plugin:2.9. The plugin artifact has changed.
[INFO] Reloading plugin container for: org.apache.maven.plugins:maven-resources-plugin:2.3. The plugin artifact has changed.
Downloading: file:///C:/Users/Keegan/.m2/repository/org/apache/maven/maven-project/2.0.6/maven-project-2.0.6.pom
2K downloaded  (maven-project-2.0.6.pom)
Downloading: file:///C:/Users/Keegan/.m2/repository/org/apache/maven/maven-settings/2.0.6/maven-settings-2.0.6.pom
1K downloaded  (maven-settings-2.0.6.pom)
Downloading: file:///C:/Users/Keegan/.m2/repository/org/apache/maven/maven-model/2.0.6/maven-model-2.0.6.pom
2K downloaded  (maven-model-2.0.6.pom)
Downloading: file:///C:/Users/Keegan/.m2/repository/org/codehaus/plexus/plexus-utils/1.4.1/plexus-utils-1.4.1.pom
1K downloaded  (plexus-utils-1.4.1.pom)
Downloading: file:///C:/Users/Keegan/.m2/repository/org/apache/maven/maven-profile/2.0.6/maven-profile-2.0.6.pom
1K downloaded  (maven-profile-2.0.6.pom)
Downloading: file:///C:/Users/Keegan/.m2/repository/org/apache/maven/maven-artifact-manager/2.0.6/maven-artifact-manager-2.0.6.pom
2K downloaded  (maven-artifact-manager-2.0.6.pom)
Downloading: file:///C:/Users/Keegan/.m2/repository/org/apache/maven/maven-repository-metadata/2.0.6/maven-repository-metadata-2.0.6.pom
1K downloaded  (maven-repository-metadata-2.0.6.pom)
Downloading: file:///C:/Users/Keegan/.m2/repository/org/apache/maven/maven-artifact/2.0.6/maven-artifact-2.0.6.pom
1K downloaded  (maven-artifact-2.0.6.pom)
Downloading: file:///C:/Users/Keegan/.m2/repository/org/apache/maven/wagon/wagon-provider-api/1.0-beta-2/wagon-provider-api-1.0-beta-2.pom
680b downloaded  (wagon-provider-api-1.0-beta-2.pom)
Downloading: file:///C:/Users/Keegan/.m2/repository/org/apache/maven/wagon/wagon/1.0-beta-2/wagon-1.0-beta-2.pom
5K downloaded  (wagon-1.0-beta-2.pom)
Downloading: file:///C:/Users/Keegan/.m2/repository/org/apache/maven/maven-parent/4/maven-parent-4.pom
9K downloaded  (maven-parent-4.pom)
Downloading: file:///C:/Users/Keegan/.m2/repository/org/apache/maven/maven-plugin-registry/2.0.6/maven-plugin-registry-2.0.6.pom
1K downloaded  (maven-plugin-registry-2.0.6.pom)
Downloading: file:///C:/Users/Keegan/.m2/repository/org/codehaus/plexus/plexus-utils/1.5.6/plexus-utils-1.5.6.pom
5K downloaded  (plexus-utils-1.5.6.pom)
Downloading: file:///C:/Users/Keegan/.m2/repository/org/codehaus/plexus/plexus/1.0.12/plexus-1.0.12.pom
9K downloaded  (plexus-1.0.12.pom)
Downloading: file:///C:/Users/Keegan/.m2/repository/org/apache/maven/shared/maven-filtering/1.0-beta-2/maven-filtering-1.0-beta-2.pom
3K downloaded  (maven-filtering-1.0-beta-2.pom)
Downloading: file:///C:/Users/Keegan/.m2/repository/org/apache/maven/shared/maven-shared-components/10/maven-shared-components-10.pom
8K downloaded  (maven-shared-components-10.pom)
Downloading: file:///C:/Users/Keegan/.m2/repository/org/apache/maven/maven-core/2.0.6/maven-core-2.0.6.pom
6K downloaded  (maven-core-2.0.6.pom)
Downloading: file:///C:/Users/Keegan/.m2/repository/org/apache/maven/wagon/wagon-file/1.0-beta-2/wagon-file-1.0-beta-2.pom
637b downloaded  (wagon-file-1.0-beta-2.pom)
Downloading: file:///C:/Users/Keegan/.m2/repository/org/apache/maven/wagon/wagon-providers/1.0-beta-2/wagon-providers-1.0-beta-2.pom
1K downloaded  (wagon-providers-1.0-beta-2.pom)
Downloading: file:///C:/Users/Keegan/.m2/repository/org/apache/maven/maven-plugin-parameter-documenter/2.0.6/maven-plugin-parameter-documenter-2.0.6.pom
1K downloaded  (maven-plugin-parameter-documenter-2.0.6.pom)
Downloading: file:///C:/Users/Keegan/.m2/repository/org/apache/maven/wagon/wagon-http-lightweight/1.0-beta-2/wagon-http-lightweight-1.0-beta-2.pom
1K downloaded  (wagon-http-lightweight-1.0-beta-2.pom)
Downloading: file:///C:/Users/Keegan/.m2/repository/org/apache/maven/wagon/wagon-http-shared/1.0-beta-2/wagon-http-shared-1.0-beta-2.pom
845b downloaded  (wagon-http-shared-1.0-beta-2.pom)
Downloading: file:///C:/Users/Keegan/.m2/repository/jtidy/jtidy/4aug2000r7-dev/jtidy-4aug2000r7-dev.pom
1K downloaded  (jtidy-4aug2000r7-dev.pom)
Downloading: file:///C:/Users/Keegan/.m2/repository/xml-apis/xml-apis/1.0.b2/xml-apis-1.0.b2.pom
2K downloaded  (xml-apis-1.0.b2.pom)
Downloading: file:///C:/Users/Keegan/.m2/repository/org/apache/maven/reporting/maven-reporting-api/2.0.6/maven-reporting-api-2.0.6.pom
1K downloaded  (maven-reporting-api-2.0.6.pom)
Downloading: file:///C:/Users/Keegan/.m2/repository/org/apache/maven/reporting/maven-reporting/2.0.6/maven-reporting-2.0.6.pom
1K downloaded  (maven-reporting-2.0.6.pom)
Downloading: file:///C:/Users/Keegan/.m2/repository/org/apache/maven/doxia/doxia-sink-api/1.0-alpha-7/doxia-sink-api-1.0-alpha-7.pom
424b downloaded  (doxia-sink-api-1.0-alpha-7.pom)
Downloading: file:///C:/Users/Keegan/.m2/repository/org/apache/maven/doxia/doxia/1.0-alpha-7/doxia-1.0-alpha-7.pom
3K downloaded  (doxia-1.0-alpha-7.pom)
Downloading: file:///C:/Users/Keegan/.m2/repository/org/apache/maven/maven-error-diagnostics/2.0.6/maven-error-diagnostics-2.0.6.pom
1K downloaded  (maven-error-diagnostics-2.0.6.pom)
Downloading: file:///C:/Users/Keegan/.m2/repository/commons-cli/commons-cli/1.0/commons-cli-1.0.pom
2K downloaded  (commons-cli-1.0.pom)
Downloading: file:///C:/Users/Keegan/.m2/repository/org/apache/maven/wagon/wagon-ssh-external/1.0-beta-2/wagon-ssh-external-1.0-beta-2.pom
1K downloaded  (wagon-ssh-external-1.0-beta-2.pom)
Downloading: file:///C:/Users/Keegan/.m2/repository/org/apache/maven/wagon/wagon-ssh-common/1.0-beta-2/wagon-ssh-common-1.0-beta-2.pom
851b downloaded  (wagon-ssh-common-1.0-beta-2.pom)
Downloading: file:///C:/Users/Keegan/.m2/repository/org/codehaus/plexus/plexus-container-default/1.0-alpha-7/plexus-container-default-1.0-alpha-7.pom
1K downloaded  (plexus-container-default-1.0-alpha-7.pom)
Downloading: file:///C:/Users/Keegan/.m2/repository/plexus/plexus-containers/1.0.2/plexus-containers-1.0.2.pom
471b downloaded  (plexus-containers-1.0.2.pom)
Downloading: file:///C:/Users/Keegan/.m2/repository/plexus/plexus-root/1.0.3/plexus-root-1.0.3.pom
5K downloaded  (plexus-root-1.0.3.pom)
Downloading: file:///C:/Users/Keegan/.m2/repository/plexus/plexus-utils/1.0.2/plexus-utils-1.0.2.pom
740b downloaded  (plexus-utils-1.0.2.pom)
Downloading: file:///C:/Users/Keegan/.m2/repository/org/apache/maven/maven-plugin-descriptor/2.0.6/maven-plugin-descriptor-2.0.6.pom
1K downloaded  (maven-plugin-descriptor-2.0.6.pom)
Downloading: file:///C:/Users/Keegan/.m2/repository/org/apache/maven/maven-monitor/2.0.6/maven-monitor-2.0.6.pom
1K downloaded  (maven-monitor-2.0.6.pom)
Downloading: file:///C:/Users/Keegan/.m2/repository/org/apache/maven/wagon/wagon-ssh/1.0-beta-2/wagon-ssh-1.0-beta-2.pom
1K downloaded  (wagon-ssh-1.0-beta-2.pom)
Downloading: file:///C:/Users/Keegan/.m2/repository/com/jcraft/jsch/0.1.27/jsch-0.1.27.pom
965b downloaded  (jsch-0.1.27.pom)
Downloading: file:///C:/Users/Keegan/.m2/repository/org/codehaus/plexus/plexus-interpolation/1.6/plexus-interpolation-1.6.pom
2K downloaded  (plexus-interpolation-1.6.pom)
Downloading: file:///C:/Users/Keegan/.m2/repository/org/codehaus/plexus/plexus-utils/1.5.6/plexus-utils-1.5.6.jar
Downloading: file:///C:/Users/Keegan/.m2/repository/org/apache/maven/shared/maven-filtering/1.0-beta-2/maven-filtering-1.0-beta-2.jar
32K downloaded  (maven-filtering-1.0-beta-2.jar)
244K downloaded  (plexus-utils-1.5.6.jar)
Downloading: file:///C:/Users/Keegan/.m2/repository/org/codehaus/plexus/plexus-interpolation/1.6/plexus-interpolation-1.6.jar
49K downloaded  (plexus-interpolation-1.6.jar)
[INFO] [resources:resources {execution: default-resources}]
[INFO] Using 'UTF-8' encoding to copy filtered resources.
[INFO] skip non existing resourceDirectory J:\working\projects\GMavenPlus\GMavenPlus-Plugin\target\it\basicCompile\src\main\resources
Downloading: file:///C:/Users/Keegan/.m2/repository/org/codehaus/groovy/groovy-all/1.8.1/groovy-all-1.8.1.pom
29K downloaded  (groovy-all-1.8.1.pom)
Downloading: file:///C:/Users/Keegan/.m2/repository/junit/junit/4.8.2/junit-4.8.2.pom
1K downloaded  (junit-4.8.2.pom)
Downloading: file:///C:/Users/Keegan/.m2/repository/org/codehaus/groovy/groovy-all/1.8.1/groovy-all-1.8.1.jar
5959K downloaded  (groovy-all-1.8.1.jar)
Downloading: file:///C:/Users/Keegan/.m2/repository/org/apache/maven/maven-toolchain/1.0/maven-toolchain-1.0.pom
3K downloaded  (maven-toolchain-1.0.pom)
Downloading: file:///C:/Users/Keegan/.m2/repository/org/codehaus/plexus/plexus-utils/2.0.5/plexus-utils-2.0.5.pom
3K downloaded  (plexus-utils-2.0.5.pom)
Downloading: file:///C:/Users/Keegan/.m2/repository/org/codehaus/plexus/plexus/2.0.6/plexus-2.0.6.pom
16K downloaded  (plexus-2.0.6.pom)
Downloading: file:///C:/Users/Keegan/.m2/repository/org/codehaus/plexus/plexus-compiler-api/1.8.1/plexus-compiler-api-1.8.1.pom
805b downloaded  (plexus-compiler-api-1.8.1.pom)
Downloading: file:///C:/Users/Keegan/.m2/repository/org/codehaus/plexus/plexus-compiler/1.8.1/plexus-compiler-1.8.1.pom
3K downloaded  (plexus-compiler-1.8.1.pom)
Downloading: file:///C:/Users/Keegan/.m2/repository/org/codehaus/plexus/plexus-components/1.1.18/plexus-components-1.1.18.pom
5K downloaded  (plexus-components-1.1.18.pom)
Downloading: file:///C:/Users/Keegan/.m2/repository/org/codehaus/plexus/plexus/2.0.7/plexus-2.0.7.pom
16K downloaded  (plexus-2.0.7.pom)
Downloading: file:///C:/Users/Keegan/.m2/repository/org/codehaus/plexus/plexus-utils/1.5.5/plexus-utils-1.5.5.pom
5K downloaded  (plexus-utils-1.5.5.pom)
Downloading: file:///C:/Users/Keegan/.m2/repository/org/codehaus/plexus/plexus-compiler-manager/1.8.1/plexus-compiler-manager-1.8.1.pom
713b downloaded  (plexus-compiler-manager-1.8.1.pom)
Downloading: file:///C:/Users/Keegan/.m2/repository/org/codehaus/plexus/plexus-compiler-javac/1.8.1/plexus-compiler-javac-1.8.1.pom
710b downloaded  (plexus-compiler-javac-1.8.1.pom)
Downloading: file:///C:/Users/Keegan/.m2/repository/org/codehaus/plexus/plexus-compilers/1.8.1/plexus-compilers-1.8.1.pom
1K downloaded  (plexus-compilers-1.8.1.pom)
Downloading: file:///C:/Users/Keegan/.m2/repository/org/codehaus/plexus/plexus-utils/2.0.5/plexus-utils-2.0.5.jar
217K downloaded  (plexus-utils-2.0.5.jar)
Downloading: file:///C:/Users/Keegan/.m2/repository/org/codehaus/plexus/plexus-compiler-api/1.8.1/plexus-compiler-api-1.8.1.jar
19K downloaded  (plexus-compiler-api-1.8.1.jar)
Downloading: file:///C:/Users/Keegan/.m2/repository/org/codehaus/plexus/plexus-compiler-manager/1.8.1/plexus-compiler-manager-1.8.1.jar
5K downloaded  (plexus-compiler-manager-1.8.1.jar)
Downloading: file:///C:/Users/Keegan/.m2/repository/org/codehaus/plexus/plexus-compiler-javac/1.8.1/plexus-compiler-javac-1.8.1.jar
12K downloaded  (plexus-compiler-javac-1.8.1.jar)
[INFO] [compiler:compile {execution: default-compile}]
[INFO] Nothing to compile - all classes are up to date
Downloading: file:///C:/Users/Keegan/.m2/repository/org/codehaus/plexus/plexus-utils/1.4.2/plexus-utils-1.4.2.pom
1K downloaded  (plexus-utils-1.4.2.pom)
Downloading: file:///C:/Users/Keegan/.m2/repository/org/slf4j/slf4j-api/1.5.3/slf4j-api-1.5.3.pom
2K downloaded  (slf4j-api-1.5.3.pom)
Downloading: file:///C:/Users/Keegan/.m2/repository/org/codehaus/plexus/plexus-container-default/1.0-alpha-30/plexus-container-default-1.0-alpha-30.pom
3K downloaded  (plexus-container-default-1.0-alpha-30.pom)
Downloading: file:///C:/Users/Keegan/.m2/repository/org/codehaus/plexus/plexus-containers/1.0-alpha-30/plexus-containers-1.0-alpha-30.pom
1K downloaded  (plexus-containers-1.0-alpha-30.pom)
Downloading: file:///C:/Users/Keegan/.m2/repository/org/codehaus/plexus/plexus-interactivity-api/1.0-alpha-6/plexus-interactivity-api-1.0-alpha-6.pom
726b downloaded  (plexus-interactivity-api-1.0-alpha-6.pom)
Downloading: file:///C:/Users/Keegan/.m2/repository/org/codehaus/plexus/plexus-interactivity/1.0-alpha-6/plexus-interactivity-1.0-alpha-6.pom
1K downloaded  (plexus-interactivity-1.0-alpha-6.pom)
Downloading: file:///C:/Users/Keegan/.m2/repository/org/codehaus/plexus/plexus-components/1.1.9/plexus-components-1.1.9.pom
2K downloaded  (plexus-components-1.1.9.pom)
Downloading: file:///C:/Users/Keegan/.m2/repository/org/codehaus/plexus/plexus/1.0.10/plexus-1.0.10.pom
8K downloaded  (plexus-1.0.10.pom)
Downloading: file:///C:/Users/Keegan/.m2/repository/org/codehaus/plexus/plexus-utils/1.4/plexus-utils-1.4.pom
1K downloaded  (plexus-utils-1.4.pom)
Downloading: file:///C:/Users/Keegan/.m2/repository/org/codehaus/plexus/plexus/1.0.9/plexus-1.0.9.pom
7K downloaded  (plexus-1.0.9.pom)
[INFO] [GMavenPlus-Plugin:compile {execution: default}]
[INFO] Using Groovy 1.8.1 from project compile classpath to perform compile
[INFO] [resources:testResources {execution: default-testResources}]
[INFO] Using 'UTF-8' encoding to copy filtered resources.
[INFO] skip non existing resourceDirectory J:\working\projects\GMavenPlus\GMavenPlus-Plugin\target\it\basicCompile\src\test\resources
Downloading: file:///C:/Users/Keegan/.m2/repository/junit/junit/4.8.2/junit-4.8.2.jar
231K downloaded  (junit-4.8.2.jar)
[INFO] [compiler:testCompile {execution: default-testCompile}]
[INFO] Compiling 1 source file to J:\working\projects\GMavenPlus\GMavenPlus-Plugin\target\it\basicCompile\target\test-classes
[INFO] [GMavenPlus-Plugin:testCompile {execution: default}]
[INFO] Using Groovy 1.8.1 from project compile classpath to perform compileTests
Downloading: file:///C:/Users/Keegan/.m2/repository/org/apache/maven/maven-plugin-api/2.0.9/maven-plugin-api-2.0.9.pom
1K downloaded  (maven-plugin-api-2.0.9.pom)
Downloading: file:///C:/Users/Keegan/.m2/repository/org/apache/maven/maven/2.0.9/maven-2.0.9.pom
18K downloaded  (maven-2.0.9.pom)
Downloading: file:///C:/Users/Keegan/.m2/repository/org/apache/maven/maven-parent/8/maven-parent-8.pom
23K downloaded  (maven-parent-8.pom)
Downloading: file:///C:/Users/Keegan/.m2/repository/org/apache/maven/surefire/surefire-booter/2.9/surefire-booter-2.9.pom
2K downloaded  (surefire-booter-2.9.pom)
Downloading: file:///C:/Users/Keegan/.m2/repository/org/apache/maven/surefire/surefire-api/2.9/surefire-api-2.9.pom
2K downloaded  (surefire-api-2.9.pom)
Downloading: file:///C:/Users/Keegan/.m2/repository/org/apache/maven/surefire/maven-surefire-common/2.9/maven-surefire-common-2.9.pom
3K downloaded  (maven-surefire-common-2.9.pom)
Downloading: file:///C:/Users/Keegan/.m2/repository/org/codehaus/plexus/plexus-utils/2.1/plexus-utils-2.1.pom
3K downloaded  (plexus-utils-2.1.pom)
Downloading: file:///C:/Users/Keegan/.m2/repository/org/sonatype/spice/spice-parent/16/spice-parent-16.pom
8K downloaded  (spice-parent-16.pom)
Downloading: file:///C:/Users/Keegan/.m2/repository/org/sonatype/forge/forge-parent/5/forge-parent-5.pom
8K downloaded  (forge-parent-5.pom)
Downloading: file:///C:/Users/Keegan/.m2/repository/org/apache/maven/maven-artifact/2.0.9/maven-artifact-2.0.9.pom
1K downloaded  (maven-artifact-2.0.9.pom)
Downloading: file:///C:/Users/Keegan/.m2/repository/org/apache/maven/maven-project/2.0.9/maven-project-2.0.9.pom
2K downloaded  (maven-project-2.0.9.pom)
Downloading: file:///C:/Users/Keegan/.m2/repository/org/apache/maven/maven-settings/2.0.9/maven-settings-2.0.9.pom
2K downloaded  (maven-settings-2.0.9.pom)
Downloading: file:///C:/Users/Keegan/.m2/repository/org/apache/maven/maven-model/2.0.9/maven-model-2.0.9.pom
3K downloaded  (maven-model-2.0.9.pom)
Downloading: file:///C:/Users/Keegan/.m2/repository/org/apache/maven/maven-profile/2.0.9/maven-profile-2.0.9.pom
2K downloaded  (maven-profile-2.0.9.pom)
Downloading: file:///C:/Users/Keegan/.m2/repository/org/apache/maven/maven-artifact-manager/2.0.9/maven-artifact-manager-2.0.9.pom
2K downloaded  (maven-artifact-manager-2.0.9.pom)
Downloading: file:///C:/Users/Keegan/.m2/repository/org/apache/maven/maven-repository-metadata/2.0.9/maven-repository-metadata-2.0.9.pom
1K downloaded  (maven-repository-metadata-2.0.9.pom)
Downloading: file:///C:/Users/Keegan/.m2/repository/org/apache/maven/maven-plugin-registry/2.0.9/maven-plugin-registry-2.0.9.pom
1K downloaded  (maven-plugin-registry-2.0.9.pom)
Downloading: file:///C:/Users/Keegan/.m2/repository/org/apache/maven/maven-core/2.0.9/maven-core-2.0.9.pom
7K downloaded  (maven-core-2.0.9.pom)
Downloading: file:///C:/Users/Keegan/.m2/repository/org/apache/maven/maven-plugin-parameter-documenter/2.0.9/maven-plugin-parameter-documenter-2.0.9.pom
1K downloaded  (maven-plugin-parameter-documenter-2.0.9.pom)
Downloading: file:///C:/Users/Keegan/.m2/repository/org/apache/maven/reporting/maven-reporting-api/2.0.9/maven-reporting-api-2.0.9.pom
1K downloaded  (maven-reporting-api-2.0.9.pom)
Downloading: file:///C:/Users/Keegan/.m2/repository/org/apache/maven/reporting/maven-reporting/2.0.9/maven-reporting-2.0.9.pom
1K downloaded  (maven-reporting-2.0.9.pom)
Downloading: file:///C:/Users/Keegan/.m2/repository/org/apache/maven/maven-error-diagnostics/2.0.9/maven-error-diagnostics-2.0.9.pom
1K downloaded  (maven-error-diagnostics-2.0.9.pom)
Downloading: file:///C:/Users/Keegan/.m2/repository/org/apache/maven/maven-plugin-descriptor/2.0.9/maven-plugin-descriptor-2.0.9.pom
2K downloaded  (maven-plugin-descriptor-2.0.9.pom)
Downloading: file:///C:/Users/Keegan/.m2/repository/org/apache/maven/maven-monitor/2.0.9/maven-monitor-2.0.9.pom
1K downloaded  (maven-monitor-2.0.9.pom)
Downloading: file:///C:/Users/Keegan/.m2/repository/org/apache/maven/maven-toolchain/2.0.9/maven-toolchain-2.0.9.pom
3K downloaded  (maven-toolchain-2.0.9.pom)
Downloading: file:///C:/Users/Keegan/.m2/repository/org/apache/maven/shared/maven-common-artifact-filters/1.3/maven-common-artifact-filters-1.3.pom
3K downloaded  (maven-common-artifact-filters-1.3.pom)
Downloading: file:///C:/Users/Keegan/.m2/repository/org/apache/maven/shared/maven-shared-components/12/maven-shared-components-12.pom
9K downloaded  (maven-shared-components-12.pom)
Downloading: file:///C:/Users/Keegan/.m2/repository/org/apache/maven/maven-parent/13/maven-parent-13.pom
22K downloaded  (maven-parent-13.pom)
Downloading: file:///C:/Users/Keegan/.m2/repository/org/apache/apache/6/apache-6.pom
12K downloaded  (apache-6.pom)
Downloading: file:///C:/Users/Keegan/.m2/repository/org/codehaus/plexus/plexus-utils/2.1/plexus-utils-2.1.jar
Downloading: file:///C:/Users/Keegan/.m2/repository/org/apache/maven/shared/maven-common-artifact-filters/1.3/maven-common-artifact-filters-1.3.jar
Downloading: file:///C:/Users/Keegan/.m2/repository/org/apache/maven/surefire/surefire-booter/2.9/surefire-booter-2.9.jar
30K downloaded  (maven-common-artifact-filters-1.3.jar)
32K downloaded  (surefire-booter-2.9.jar)
219K downloaded  (plexus-utils-2.1.jar)
Downloading: file:///C:/Users/Keegan/.m2/repository/org/apache/maven/surefire/surefire-api/2.9/surefire-api-2.9.jar
155K downloaded  (surefire-api-2.9.jar)
Downloading: file:///C:/Users/Keegan/.m2/repository/org/apache/maven/surefire/maven-surefire-common/2.9/maven-surefire-common-2.9.jar
59K downloaded  (maven-surefire-common-2.9.jar)
[INFO] [surefire:test {execution: default-test}]
[INFO] Surefire report directory: J:\working\projects\GMavenPlus\GMavenPlus-Plugin\target\it\basicCompile\target\surefire-reports
Downloading: file:///C:/Users/Keegan/.m2/repository/org/apache/maven/surefire/surefire-junit4/2.9/surefire-junit4-2.9.pom
2K downloaded  (surefire-junit4-2.9.pom)
Downloading: file:///C:/Users/Keegan/.m2/repository/org/apache/maven/surefire/surefire-providers/2.9/surefire-providers-2.9.pom
2K downloaded  (surefire-providers-2.9.pom)
Downloading: file:///C:/Users/Keegan/.m2/repository/org/apache/maven/surefire/surefire-junit4/2.9/surefire-junit4-2.9.jar
32K downloaded  (surefire-junit4-2.9.jar)

-------------------------------------------------------
 T E S T S
-------------------------------------------------------
Running gmavenplus.SomeClassTest
Tests run: 1, Failures: 0, Errors: 0, Skipped: 0, Time elapsed: 0.544 sec

Results :

Tests run: 1, Failures: 0, Errors: 0, Skipped: 0

[INFO] ------------------------------------------------------------------------
[INFO] BUILD SUCCESSFUL
[INFO] ------------------------------------------------------------------------
[INFO] Total time: 1 minute 2 seconds
[INFO] Finished at: Thu Sep 01 19:54:04 EDT 2011
[INFO] Final Memory: 18M/51M
[INFO] ------------------------------------------------------------------------
